[INFO ] | 2019-12-24 13:45:37 | (EventListener.java:20) - Navigated to:'http://automationpractice.com/index.php'
[INFO ] | 2019-12-24 13:45:48 | (BasicPrestaShop.java:44) - Test 'verifyPersonInfoPage' - PASSED
[INFO ] | 2019-12-24 13:45:51 | (EventListener.java:20) - Navigated to:'http://automationpractice.com/index.php'
[INFO ] | 2019-12-24 13:46:01 | (BasicPrestaShop.java:44) - Test 'verifyCreditPage' - PASSED
[INFO ] | 2019-12-24 13:46:05 | (EventListener.java:20) - Navigated to:'http://automationpractice.com/index.php'
[INFO ] | 2019-12-24 13:46:16 | (BasicPrestaShop.java:44) - Test 'logOut' - PASSED
[INFO ] | 2019-12-24 13:46:19 | (EventListener.java:20) - Navigated to:'http://automationpractice.com/index.php'
[INFO ] | 2019-12-24 13:46:32 | (BasicPrestaShop.java:44) - Test 'signIn' - PASSED
[INFO ] | 2019-12-24 13:46:35 | (EventListener.java:20) - Navigated to:'http://automationpractice.com/index.php'
[INFO ] | 2019-12-24 13:46:40 | (BasicPrestaShop.java:44) - Test 'verifyTitleAndUrl' - PASSED
[INFO ] | 2019-12-24 13:46:44 | (EventListener.java:20) - Navigated to:'http://automationpractice.com/index.php'
[INFO ] | 2019-12-24 13:46:56 | (BasicPrestaShop.java:44) - Test 'contactUs' - PASSED
[INFO ] | 2019-12-24 13:46:59 | (EventListener.java:20) - Navigated to:'http://automationpractice.com/index.php'
[INFO ] | 2019-12-24 13:47:10 | (BasicPrestaShop.java:44) - Test 'verifyOrdersPage' - PASSED
[INFO ] | 2019-12-24 13:47:14 | (EventListener.java:20) - Navigated to:'http://automationpractice.com/index.php'
[INFO ] | 2019-12-24 13:47:22 | (BasicPrestaShop.java:44) - Test 'logInError' - PASSED
[INFO ] | 2019-12-24 13:47:25 | (EventListener.java:20) - Navigated to:'http://automationpractice.com/index.php'
[INFO ] | 2019-12-24 13:47:32 | (BasicPrestaShop.java:44) - Test 'signExist' - PASSED
[INFO ] | 2019-12-24 13:47:36 | (EventListener.java:20) - Navigated to:'http://automationpractice.com/index.php'
[INFO ] | 2019-12-24 13:47:46 | (BasicPrestaShop.java:44) - Test 'verifyWishlistPage' - PASSED
[INFO ] | 2019-12-24 13:47:49 | (EventListener.java:20) - Navigated to:'http://automationpractice.com/index.php'
[INFO ] | 2019-12-24 13:48:00 | (BasicPrestaShop.java:44) - Test 'verifyAddressesPage' - PASSED
